[01m[K/home/aluno/test_ws/src/lc_start/src/lc_test.cpp:20:10:[m[K [01;31m[Kfatal error: [m[Klifecycle_msgs/msg/state.hpp: No such file or directory
   20 | #include [01;31m[K"lifecycle_msgs/msg/state.hpp"[m[K
      |          [01;31m[K^~~~~~~~~~~~~~~~~~~~~~~~~~~~~~[m[K
compilation terminated.
gmake[2]: *** [CMakeFiles/lc_test.dir/build.make:76: CMakeFiles/lc_test.dir/src/lc_test.cpp.o] Error 1
gmake[1]: *** [CMakeFiles/Makefile2:137: CMakeFiles/lc_test.dir/all] Error 2
gmake: *** [Makefile:146: all] Error 2
