[0.031s] Invoking command in '/home/aluno/test_ws/build/lc_start': CMAKE_PREFIX_PATH=${CMAKE_PREFIX_PATH}:/home/aluno/ws_moveit2/install/moveit_configs_utils:/home/aluno/ws_moveit2/install/launch_param_builder:/opt/ros/humble /usr/bin/cmake /home/aluno/test_ws/src/lc_start -DCMAKE_INSTALL_PREFIX=/home/aluno/test_ws/install/lc_start
[0.337s] -- The C compiler identification is GNU 11.3.0
[0.638s] -- The CXX compiler identification is GNU 11.3.0
[0.675s] -- Detecting C compiler ABI info
[0.790s] -- Detecting C compiler ABI info - done
[0.799s] -- Check for working C compiler: /usr/bin/cc - skipped
[0.799s] -- Detecting C compile features
[0.814s] -- Detecting C compile features - done
[0.818s] -- Detecting CXX compiler ABI info
[0.907s] -- Detecting CXX compiler ABI info - done
[0.915s] -- Check for working CXX compiler: /usr/bin/c++ - skipped
[0.915s] -- Detecting CXX compile features
[0.916s] -- Detecting CXX compile features - done
[0.965s] -- Found ament_cmake: 1.3.3 (/opt/ros/humble/share/ament_cmake/cmake)
[1.234s] -- Found Python3: /usr/bin/python3.10 (found version "3.10.6") found components: Interpreter 
[1.602s] -- Found ament_lint_auto: 0.12.5 (/opt/ros/humble/share/ament_lint_auto/cmake)
[1.798s] -- Added test 'cppcheck' to perform static code analysis on C / C++ code
[1.798s] -- Configured cppcheck include dirs: $<BUILD_INTERFACE:/home/aluno/test_ws/src/lc_start/include>
[1.799s] -- Configured cppcheck exclude dirs and/or files: 
[1.801s] -- Added test 'lint_cmake' to check CMake code style
[1.803s] -- Added test 'uncrustify' to check C / C++ code style
[1.804s] -- Configured uncrustify additional arguments: 
[1.805s] -- Added test 'xmllint' to check XML markup files
[1.810s] -- Configuring done
[1.815s] -- Generating done
[1.817s] -- Build files have been written to: /home/aluno/test_ws/build/lc_start
[1.822s] Invoked command in '/home/aluno/test_ws/build/lc_start' returned '0': CMAKE_PREFIX_PATH=${CMAKE_PREFIX_PATH}:/home/aluno/ws_moveit2/install/moveit_configs_utils:/home/aluno/ws_moveit2/install/launch_param_builder:/opt/ros/humble /usr/bin/cmake /home/aluno/test_ws/src/lc_start -DCMAKE_INSTALL_PREFIX=/home/aluno/test_ws/install/lc_start
[1.824s] Invoking command in '/home/aluno/test_ws/build/lc_start': CMAKE_PREFIX_PATH=${CMAKE_PREFIX_PATH}:/home/aluno/ws_moveit2/install/moveit_configs_utils:/home/aluno/ws_moveit2/install/launch_param_builder:/opt/ros/humble /usr/bin/cmake --build /home/aluno/test_ws/build/lc_start -- -j8 -l8
[1.881s] [ 50%] [32mBuilding CXX object CMakeFiles/lc_test.dir/src/lc_test.cpp.o[0m
[2.390s] [01m[K/home/aluno/test_ws/src/lc_start/src/lc_test.cpp:20:10:[m[K [01;31m[Kfatal error: [m[Klifecycle_msgs/msg/state.hpp: No such file or directory
[2.390s]    20 | #include [01;31m[K"lifecycle_msgs/msg/state.hpp"[m[K
[2.391s]       |          [01;31m[K^~~~~~~~~~~~~~~~~~~~~~~~~~~~~~[m[K
[2.391s] compilation terminated.
[2.393s] gmake[2]: *** [CMakeFiles/lc_test.dir/build.make:76: CMakeFiles/lc_test.dir/src/lc_test.cpp.o] Error 1
[2.393s] gmake[1]: *** [CMakeFiles/Makefile2:137: CMakeFiles/lc_test.dir/all] Error 2
[2.394s] gmake: *** [Makefile:146: all] Error 2
[2.396s] Invoked command in '/home/aluno/test_ws/build/lc_start' returned '2': CMAKE_PREFIX_PATH=${CMAKE_PREFIX_PATH}:/home/aluno/ws_moveit2/install/moveit_configs_utils:/home/aluno/ws_moveit2/install/launch_param_builder:/opt/ros/humble /usr/bin/cmake --build /home/aluno/test_ws/build/lc_start -- -j8 -l8
