[0.029s] Invoking command in '/home/aluno/test_ws/build/lc_start': CMAKE_PREFIX_PATH=${CMAKE_PREFIX_PATH}:/home/aluno/ws_moveit2/install/moveit_configs_utils:/home/aluno/ws_moveit2/install/launch_param_builder:/opt/ros/humble /usr/bin/cmake --build /home/aluno/test_ws/build/lc_start -- -j8 -l8
[0.058s] -- Found ament_cmake: 1.3.3 (/opt/ros/humble/share/ament_cmake/cmake)
[0.195s] -- Found rclcpp_lifecycle: 16.0.3 (/opt/ros/humble/share/rclcpp_lifecycle/cmake)
[0.226s] -- Found rosidl_generator_c: 3.1.4 (/opt/ros/humble/share/rosidl_generator_c/cmake)
[0.228s] -- Found rosidl_adapter: 3.1.4 (/opt/ros/humble/share/rosidl_adapter/cmake)
[0.234s] -- Found rosidl_generator_cpp: 3.1.4 (/opt/ros/humble/share/rosidl_generator_cpp/cmake)
[0.246s] -- Using all available rosidl_typesupport_c: rosidl_typesupport_fastrtps_c;rosidl_typesupport_introspection_c
[0.263s] -- Using all available rosidl_typesupport_cpp: rosidl_typesupport_fastrtps_cpp;rosidl_typesupport_introspection_cpp
[0.320s] -- Found rmw_implementation_cmake: 6.1.1 (/opt/ros/humble/share/rmw_implementation_cmake/cmake)
[0.323s] -- Found rmw_cyclonedds_cpp: 1.3.4 (/opt/ros/humble/share/rmw_cyclonedds_cpp/cmake)
[0.352s] -- Using RMW implementation 'rmw_cyclonedds_cpp' as default
[0.547s] -- Found ament_lint_auto: 0.12.5 (/opt/ros/humble/share/ament_lint_auto/cmake)
[0.624s] -- Added test 'cppcheck' to perform static code analysis on C / C++ code
[0.625s] -- Configured cppcheck include dirs: $<BUILD_INTERFACE:/home/aluno/test_ws/src/lc_start/include>
[0.625s] -- Configured cppcheck exclude dirs and/or files: 
[0.625s] -- Added test 'lint_cmake' to check CMake code style
[0.626s] -- Added test 'uncrustify' to check C / C++ code style
[0.626s] -- Configured uncrustify additional arguments: 
[0.626s] -- Added test 'xmllint' to check XML markup files
[0.627s] -- Configuring done
[0.641s] -- Generating done
[0.642s] -- Build files have been written to: /home/aluno/test_ws/build/lc_start
[0.674s] [35m[1mConsolidate compiler generated dependencies of target lc_test[0m
[0.687s] [ 33%] [32mBuilding CXX object CMakeFiles/talker.dir/src/sr_pub.cpp.o[0m
[0.687s] [ 33%] [32mBuilding CXX object CMakeFiles/listener.dir/src/sr_sub.cpp.o[0m
[0.696s] [ 50%] [32mBuilding CXX object CMakeFiles/lc_test.dir/src/lc_test.cpp.o[0m
[0.922s] [01m[K/home/aluno/test_ws/src/lc_start/src/lc_test.cpp:278:27:[m[K [01;35m[Kwarning: [m[Kcharacter constant too long for its type
[0.922s]   278 |   lifecycle_msgs trans = ([01;35m[K'lifecycle_msgs::msg::Transition::TRANSITION_'[m[K + T);
[0.922s]       |                           [01;35m[K^~~~~~~~~~~~~~~~~~~~~~~~~~~~~~~~~~~~~~~~~~~~~~[m[K
[2.919s] [01m[K/home/aluno/test_ws/src/lc_start/src/sr_pub.cpp:17:5:[m[K [01;31m[Kerror: [m[KISO C++ forbids declaration of â€˜[01m[KPublisher[m[Kâ€™ with no type [[01;31m[K]8;;https://gcc.gnu.org/onlinedocs/gcc/Warning-Options.html#index-fpermissive-fpermissive]8;;[m[K]
[2.919s]    17 |     [01;31m[KPublisher[m[K()
[2.919s]       |     [01;31m[K^~~~~~~~~[m[K
[2.922s] [01m[K/home/aluno/test_ws/src/lc_start/src/lc_test.cpp:31:1:[m[K [01;31m[Kerror: [m[Ktwo or more data types in declaration of â€˜[01m[Klifecycle_node[m[Kâ€™
[2.922s]    31 | [01;31m[Kenum[m[K Transition { CONFIGURE = 1 , CLEANUP, ACTIVATE, DEACTIVATE, UNCONFIGURED_SHUTDOWN }
[2.922s]       | [01;31m[K^~~~[m[K
[2.922s] [01m[K/home/aluno/test_ws/src/lc_start/src/sr_pub.cpp:[m[K In member function â€˜[01m[Kint MinimalPublisher::Publisher()[m[Kâ€™:
[2.923s] [01m[K/home/aluno/test_ws/src/lc_start/src/sr_pub.cpp:18:7:[m[K [01;31m[Kerror: [m[Konly constructors take member initializers
[2.923s]    18 |     : [01;31m[KNode[m[K("minimal_publisher")
[2.923s]       |       [01;31m[K^~~~[m[K
[2.934s] [01m[K/home/aluno/test_ws/src/lc_start/src/sr_pub.cpp:23:5:[m[K [01;35m[Kwarning: [m[Kno return statement in function returning non-void [[01;35m[K]8;;https://gcc.gnu.org/onlinedocs/gcc/Warning-Options.html#index-Wreturn-type-Wreturn-type]8;;[m[K]
[2.934s]    23 |     [01;35m[K}[m[K
[2.934s]       |     [01;35m[K^[m[K
[2.954s] [01m[K/home/aluno/test_ws/src/lc_start/src/sr_sub.cpp:[m[K In constructor â€˜[01m[KSubscriber::Subscriber()[m[Kâ€™:
[2.954s] [01m[K/home/aluno/test_ws/src/lc_start/src/sr_sub.cpp:16:37:[m[K [01;31m[Kerror: [m[Kâ€˜[01m[KMinimalSubscriber[m[Kâ€™ has not been declared
[2.954s]    16 |       "serial_read", 10, std::bind(&[01;31m[KMinimalSubscriber[m[K::topic_callback, this, _1));
[2.954s]       |                                     [01;31m[K^~~~~~~~~~~~~~~~~[m[K
[2.962s] [01m[K/home/aluno/test_ws/src/lc_start/src/sr_sub.cpp:[m[K In function â€˜[01m[Kint main(int, char**)[m[Kâ€™:
[2.962s] [01m[K/home/aluno/test_ws/src/lc_start/src/sr_sub.cpp:30:33:[m[K [01;31m[Kerror: [m[Kâ€˜[01m[KMinimalSubscriber[m[Kâ€™ was not declared in this scope
[2.962s]    30 |   rclcpp::spin(std::make_shared<[01;31m[KMinimalSubscriber[m[K>());
[2.962s]       |                                 [01;31m[K^~~~~~~~~~~~~~~~~[m[K
[2.963s] [01m[K/home/aluno/test_ws/src/lc_start/src/sr_sub.cpp:30:51:[m[K [01;31m[Kerror: [m[Kno matching function for call to â€˜[01m[Kmake_shared<<expression error> >()[m[Kâ€™
[2.963s]    30 |   rclcpp::spin([01;31m[Kstd::make_shared<MinimalSubscriber>()[m[K);
[2.963s]       |                [01;31m[K~~~~~~~~~~~~~~~~~~~~~~~~~~~~~~~~~~~^~[m[K
[2.963s] In file included from [01m[K/usr/include/c++/11/memory:77[m[K,
[2.963s]                  from [01m[K/home/aluno/test_ws/src/lc_start/src/sr_sub.cpp:3[m[K:
[2.963s] [01m[K/usr/include/c++/11/bits/shared_ptr.h:875:5:[m[K [01;36m[Knote: [m[Kcandidate: â€˜[01m[Ktemplate<class _Tp, class ... _Args> std::shared_ptr<_Tp> std::make_shared(_Args&& ...)[m[Kâ€™
[2.963s]   875 |     [01;36m[Kmake_shared[m[K(_Args&&... __args)
[2.963s]       |     [01;36m[K^~~~~~~~~~~[m[K
[2.963s] [01m[K/usr/include/c++/11/bits/shared_ptr.h:875:5:[m[K [01;36m[Knote: [m[K  template argument deduction/substitution failed:
[2.963s] [01m[K/home/aluno/test_ws/src/lc_start/src/sr_sub.cpp:30:51:[m[K [01;31m[Kerror: [m[Ktemplate argument 1 is invalid
[2.963s]    30 |   rclcpp::spin([01;31m[Kstd::make_shared<MinimalSubscriber>()[m[K);
[2.963s]       |                [01;31m[K~~~~~~~~~~~~~~~~~~~~~~~~~~~~~~~~~~~^~[m[K
[3.029s] In file included from [01m[K/opt/ros/humble/include/rclcpp/rclcpp/logging.hpp:24[m[K,
[3.029s]                  from [01m[K/opt/ros/humble/include/rclcpp/rclcpp/client.hpp:40[m[K,
[3.029s]                  from [01m[K/opt/ros/humble/include/rclcpp/rclcpp/callback_group.hpp:24[m[K,
[3.029s]                  from [01m[K/opt/ros/humble/include/rclcpp/rclcpp/any_executable.hpp:20[m[K,
[3.029s]                  from [01m[K/opt/ros/humble/include/rclcpp/rclcpp/memory_strategy.hpp:25[m[K,
[3.029s]                  from [01m[K/opt/ros/humble/include/rclcpp/rclcpp/memory_strategies.hpp:18[m[K,
[3.029s]                  from [01m[K/opt/ros/humble/include/rclcpp/rclcpp/executor_options.hpp:20[m[K,
[3.029s]                  from [01m[K/opt/ros/humble/include/rclcpp/rclcpp/executor.hpp:37[m[K,
[3.029s]                  from [01m[K/opt/ros/humble/include/rclcpp/rclcpp/executors/multi_threaded_executor.hpp:25[m[K,
[3.029s]                  from [01m[K/opt/ros/humble/include/rclcpp/rclcpp/executors.hpp:21[m[K,
[3.029s]                  from [01m[K/opt/ros/humble/include/rclcpp/rclcpp/rclcpp.hpp:155[m[K,
[3.029s]                  from [01m[K/home/aluno/test_ws/src/lc_start/src/lc_test.cpp:25[m[K:
[3.029s] [01m[K/home/aluno/test_ws/src/lc_start/src/lc_test.cpp:[m[K In member function â€˜[01m[Kunsigned int LifecycleServiceClient::get_state(std::chrono::seconds)[m[Kâ€™:
[3.029s] [01m[K/home/aluno/test_ws/src/lc_start/src/lc_test.cpp:119:82:[m[K [01;31m[Kerror: [m[Kâ€˜[01m[Klifecycle_node[m[Kâ€™ was not declared in this scope; did you mean â€˜[01m[Klifecycle_msgs[m[Kâ€™?
[3.030s]   119 |         get_logger(), "Server time out while getting current state for node %s", [01;31m[Klifecycle_node[m[K);
[3.030s]       |                                                                                  [01;31m[K^~~~~~~~~~~~~~[m[K
[3.036s] [01m[K/home/aluno/test_ws/src/lc_start/src/lc_test.cpp:127:9:[m[K [01;31m[Kerror: [m[Kâ€˜[01m[Klifecycle_node[m[Kâ€™ was not declared in this scope; did you mean â€˜[01m[Klifecycle_msgs[m[Kâ€™?
[3.036s]   127 |         [01;31m[Klifecycle_node[m[K, future_result.get()->current_state.label.c_str());
[3.036s]       |         [01;31m[K^~~~~~~~~~~~~~[m[K
[3.043s] [01m[K/home/aluno/test_ws/src/lc_start/src/lc_test.cpp:131:66:[m[K [01;31m[Kerror: [m[Kâ€˜[01m[Klifecycle_node[m[Kâ€™ was not declared in this scope; did you mean â€˜[01m[Klifecycle_msgs[m[Kâ€™?
[3.043s]   131 |         get_logger(), "Failed to get current state for node %s", [01;31m[Klifecycle_node[m[K);
[3.043s]       |                                                                  [01;31m[K^~~~~~~~~~~~~~[m[K
[3.053s] [01m[K/home/aluno/test_ws/src/lc_start/src/lc_test.cpp:[m[K In member function â€˜[01m[Kbool LifecycleServiceClient::change_state(uint8_t, std::chrono::seconds)[m[Kâ€™:
[3.053s] [01m[K/home/aluno/test_ws/src/lc_start/src/lc_test.cpp:175:82:[m[K [01;31m[Kerror: [m[Kâ€˜[01m[Klifecycle_node[m[Kâ€™ was not declared in this scope; did you mean â€˜[01m[Klifecycle_msgs[m[Kâ€™?
[3.053s]   175 |         get_logger(), "Server time out while getting current state for node %s", [01;31m[Klifecycle_node[m[K);
[3.053s]       |                                                                                  [01;31m[K^~~~~~~~~~~~~~[m[K
[3.056s] [01m[K/home/aluno/test_ws/src/lc_start/src/lc_test.cpp:[m[K In function â€˜[01m[Kvoid callee_script(std::shared_ptr<LifecycleServiceClient>, Transition)[m[Kâ€™:
[3.056s] [01m[K/home/aluno/test_ws/src/lc_start/src/lc_test.cpp:278:18:[m[K [01;31m[Kerror: [m[Kexpected primary-expression before â€˜[01m[Ktrans[m[Kâ€™
[3.056s]   278 |   lifecycle_msgs [01;31m[Ktrans[m[K = ('lifecycle_msgs::msg::Transition::TRANSITION_' + T);
[3.056s]       |                  [01;31m[K^~~~~[m[K
[3.059s] [01m[K/home/aluno/test_ws/src/lc_start/src/lc_test.cpp:281:34:[m[K [01;31m[Kerror: [m[Kâ€˜[01m[Ktrans[m[Kâ€™ was not declared in this scope; did you mean â€˜[01m[Kwctrans[m[Kâ€™?
[3.059s]   281 |     if (!lc_client->change_state([01;31m[Ktrans[m[K)) {
[3.059s]       |                                  [01;31m[K^~~~~[m[K
[3.059s]       |                                  [32m[Kwctrans[m[K
[3.059s] [01m[K/home/aluno/test_ws/src/lc_start/src/lc_test.cpp:276:77:[m[K [01;35m[Kwarning: [m[Kunused parameter â€˜[01m[KT[m[Kâ€™ [[01;35m[K]8;;https://gcc.gnu.org/onlinedocs/gcc/Warning-Options.html#index-Wunused-parameter-Wunused-parameter]8;;[m[K]
[3.059s]   276 | callee_script(std::shared_ptr<LifecycleServiceClient> lc_client, [01;35m[KTransition T[m[K)
[3.059s]       |                                                                  [01;35m[K~~~~~~~~~~~^[m[K
[3.061s] In file included from [01m[K/usr/include/c++/11/pstl/glue_algorithm_defs.h:13[m[K,
[3.061s]                  from [01m[K/usr/include/c++/11/algorithm:74[m[K,
[3.061s]                  from [01m[K/opt/ros/humble/include/lifecycle_msgs/lifecycle_msgs/msg/detail/state__struct.hpp:8[m[K,
[3.061s]                  from [01m[K/opt/ros/humble/include/lifecycle_msgs/lifecycle_msgs/msg/state.hpp:7[m[K,
[3.061s]                  from [01m[K/home/aluno/test_ws/src/lc_start/src/lc_test.cpp:20[m[K:
[3.061s] /usr/include/c++/11/functional: In instantiation of â€˜[01m[Kstruct std::_Bind_check_arity<void (*)(std::shared_ptr<LifecycleServiceClient>, Transition), std::shared_ptr<LifecycleServiceClient>&>[m[Kâ€™:
[3.061s] [01m[K/usr/include/c++/11/functional:768:12:[m[K   required from â€˜[01m[Kstruct std::_Bind_helper<false, void (&)(std::shared_ptr<LifecycleServiceClient>, Transition), std::shared_ptr<LifecycleServiceClient>&>[m[Kâ€™
[3.061s] [01m[K/usr/include/c++/11/functional:789:5:[m[K   required by substitution of â€˜[01m[Ktemplate<class _Func, class ... _BoundArgs> typename std::_Bind_helper<std::__is_socketlike<_Func>::value, _Func, _BoundArgs ...>::type std::bind(_Func&&, _BoundArgs&& ...) [with _Func = void (&)(std::shared_ptr<LifecycleServiceClient>, Transition); _BoundArgs = {std::shared_ptr<LifecycleServiceClient>&}][m[Kâ€™
[3.062s] [01m[K/home/aluno/test_ws/src/lc_start/src/lc_test.cpp:318:14:[m[K   required from here
[3.062s] [01m[K/usr/include/c++/11/functional:739:43:[m[K [01;31m[Kerror: [m[Kstatic assertion failed: Wrong number of arguments for function
[3.062s]   739 |       static_assert([01;31m[Ksizeof...(_BoundArgs) == sizeof...(_Args)[m[K,
[3.062s]       |                     [01;31m[K~~~~~~~~~~~~~~~~~~~~~~^~~~~~~~~~~~~~~~~~~[m[K
[3.062s] [01m[K/usr/include/c++/11/functional:739:43:[m[K [01;36m[Knote: [m[Kâ€˜[01m[K(1 == 2)[m[Kâ€™ evaluates to false
[3.067s] [01m[K/home/aluno/test_ws/src/lc_start/src/lc_test.cpp:[m[K In function â€˜[01m[Kint main(int, char**)[m[Kâ€™:
[3.067s] [01m[K/home/aluno/test_ws/src/lc_start/src/lc_test.cpp:316:47:[m[K [01;31m[Kerror: [m[Kno matching function for call to â€˜[01m[Kasync(std::launch, std::_Bind_helper<false, void (&)(std::shared_ptr<LifecycleServiceClient>, Transition), std::shared_ptr<LifecycleServiceClient>&>::type)[m[Kâ€™
[3.067s]   316 |   std::shared_future<void> script = [01;31m[Kstd::async([m[K
[3.067s]       |                                     [01;31m[K~~~~~~~~~~^[m[K
[3.067s]   317 | [01;31m[K    std::launch::async,[m[K
[3.067s]       |     [01;31m[K~~~~~~~~~~~~~~~~~~~[m[K                        
[3.067s]   318 | [01;31m[K    std::bind(callee_script, lc_client))[m[K;
[3.067s]       |     [01;31m[K~~~~~~~~~~~~~~~~~~~~~~~~~~~~~~~~~~~~[m[K       
[3.067s] In file included from [01m[K/opt/ros/humble/include/rclcpp/rclcpp/executors.hpp:18[m[K,
[3.067s]                  from [01m[K/opt/ros/humble/include/rclcpp/rclcpp/rclcpp.hpp:155[m[K,
[3.067s]                  from [01m[K/home/aluno/test_ws/src/lc_start/src/lc_test.cpp:25[m[K:
[3.067s] [01m[K/usr/include/c++/11/future:1757:5:[m[K [01;36m[Knote: [m[Kcandidate: â€˜[01m[Ktemplate<class _Fn, class ... _Args> std::future<typename std::__invoke_result<typename std::decay<_Tp>::type, typename std::decay<_Args>::type ...>::type> std::async(std::launch, _Fn&&, _Args&& ...)[m[Kâ€™
[3.068s]  1757 |     [01;36m[Kasync[m[K(launch __policy, _Fn&& __fn, _Args&&... __args)
[3.068s]       |     [01;36m[K^~~~~[m[K
[3.068s] [01m[K/usr/include/c++/11/future:1757:5:[m[K [01;36m[Knote: [m[K  template argument deduction/substitution failed:
[3.068s] /usr/include/c++/11/future: In substitution of â€˜[01m[Ktemplate<class _Fn, class ... _Args> std::future<typename std::__invoke_result<typename std::decay<_Tp>::type, typename std::decay<_Args>::type ...>::type> std::async(std::launch, _Fn&&, _Args&& ...) [with _Fn = std::_Bind<void (*(std::shared_ptr<LifecycleServiceClient>))(std::shared_ptr<LifecycleServiceClient>, Transition)>; _Args = {}][m[Kâ€™:
[3.068s] [01m[K/home/aluno/test_ws/src/lc_start/src/lc_test.cpp:316:47:[m[K   required from here
[3.068s] [01m[K/usr/include/c++/11/future:1757:5:[m[K [01;31m[Kerror: [m[Kno type named â€˜[01m[Ktype[m[Kâ€™ in â€˜[01m[Kstruct std::__invoke_result<std::_Bind<void (*(std::shared_ptr<LifecycleServiceClient>))(std::shared_ptr<LifecycleServiceClient>, Transition)> >[m[Kâ€™
[3.068s] [01m[K/usr/include/c++/11/future:1791:5:[m[K [01;36m[Knote: [m[Kcandidate: â€˜[01m[Ktemplate<class _Fn, class ... _Args> std::future<typename std::__invoke_result<typename std::decay<_Tp>::type, typename std::decay<_Args>::type ...>::type> std::async(_Fn&&, _Args&& ...)[m[Kâ€™
[3.068s]  1791 |     [01;36m[Kasync[m[K(_Fn&& __fn, _Args&&... __args)
[3.068s]       |     [01;36m[K^~~~~[m[K
[3.068s] [01m[K/usr/include/c++/11/future:1791:5:[m[K [01;36m[Knote: [m[K  template argument deduction/substitution failed:
[3.068s] /usr/include/c++/11/future: In substitution of â€˜[01m[Ktemplate<class _Fn, class ... _Args> std::future<typename std::__invoke_result<typename std::decay<_Tp>::type, typename std::decay<_Args>::type ...>::type> std::async(_Fn&&, _Args&& ...) [with _Fn = std::launch; _Args = {std::_Bind<void (*(std::shared_ptr<LifecycleServiceClient>))(std::shared_ptr<LifecycleServiceClient>, Transition)>}][m[Kâ€™:
[3.068s] [01m[K/home/aluno/test_ws/src/lc_start/src/lc_test.cpp:316:47:[m[K   required from here
[3.068s] [01m[K/usr/include/c++/11/future:1791:5:[m[K [01;31m[Kerror: [m[Kno type named â€˜[01m[Ktype[m[Kâ€™ in â€˜[01m[Kstruct std::__invoke_result<std::launch, std::_Bind<void (*(std::shared_ptr<LifecycleServiceClient>))(std::shared_ptr<LifecycleServiceClient>, Transition)> >[m[Kâ€™
[3.365s] gmake[2]: *** [CMakeFiles/listener.dir/build.make:76: CMakeFiles/listener.dir/src/sr_sub.cpp.o] Error 1
[3.366s] gmake[1]: *** [CMakeFiles/Makefile2:193: CMakeFiles/listener.dir/all] Error 2
[3.366s] gmake[1]: *** Waiting for unfinished jobs....
[3.394s] In file included from [01m[K/usr/include/x86_64-linux-gnu/c++/11/bits/c++allocator.h:33[m[K,
[3.394s]                  from [01m[K/usr/include/c++/11/bits/allocator.h:46[m[K,
[3.394s]                  from [01m[K/usr/include/c++/11/unordered_map:40[m[K,
[3.394s]                  from [01m[K/usr/include/c++/11/functional:61[m[K,
[3.394s]                  from [01m[K/home/aluno/test_ws/src/lc_start/src/sr_pub.cpp:2[m[K:
[3.394s] /usr/include/c++/11/ext/new_allocator.h: In instantiation of â€˜[01m[Kvoid __gnu_cxx::new_allocator<_Tp>::construct(_Up*, _Args&& ...) [with _Up = MinimalPublisher; _Args = {}; _Tp = MinimalPublisher][m[Kâ€™:
[3.394s] [01m[K/usr/include/c++/11/bits/alloc_traits.h:516:17:[m[K   required from â€˜[01m[Kstatic void std::allocator_traits<std::allocator<_Tp1> >::construct(std::allocator_traits<std::allocator<_Tp1> >::allocator_type&, _Up*, _Args&& ...) [with _Up = MinimalPublisher; _Args = {}; _Tp = MinimalPublisher; std::allocator_traits<std::allocator<_Tp1> >::allocator_type = std::allocator<MinimalPublisher>][m[Kâ€™
[3.394s] [01m[K/usr/include/c++/11/bits/shared_ptr_base.h:519:39:[m[K   required from â€˜[01m[Kstd::_Sp_counted_ptr_inplace<_Tp, _Alloc, _Lp>::_Sp_counted_ptr_inplace(_Alloc, _Args&& ...) [with _Args = {}; _Tp = MinimalPublisher; _Alloc = std::allocator<MinimalPublisher>; __gnu_cxx::_Lock_policy _Lp = __gnu_cxx::_S_atomic][m[Kâ€™
[3.394s] [01m[K/usr/include/c++/11/bits/shared_ptr_base.h:650:16:[m[K   required from â€˜[01m[Kstd::__shared_count<_Lp>::__shared_count(_Tp*&, std::_Sp_alloc_shared_tag<_Alloc>, _Args&& ...) [with _Tp = MinimalPublisher; _Alloc = std::allocator<MinimalPublisher>; _Args = {}; __gnu_cxx::_Lock_policy _Lp = __gnu_cxx::_S_atomic][m[Kâ€™
[3.394s] [01m[K/usr/include/c++/11/bits/shared_ptr_base.h:1342:14:[m[K   required from â€˜[01m[Kstd::__shared_ptr<_Tp, _Lp>::__shared_ptr(std::_Sp_alloc_shared_tag<_Tp>, _Args&& ...) [with _Alloc = std::allocator<MinimalPublisher>; _Args = {}; _Tp = MinimalPublisher; __gnu_cxx::_Lock_policy _Lp = __gnu_cxx::_S_atomic][m[Kâ€™
[3.394s] [01m[K/usr/include/c++/11/bits/shared_ptr.h:409:59:[m[K   required from â€˜[01m[Kstd::shared_ptr<_Tp>::shared_ptr(std::_Sp_alloc_shared_tag<_Tp>, _Args&& ...) [with _Alloc = std::allocator<MinimalPublisher>; _Args = {}; _Tp = MinimalPublisher][m[Kâ€™
[3.394s] [01m[K/usr/include/c++/11/bits/shared_ptr.h:862:14:[m[K   required from â€˜[01m[Kstd::shared_ptr<_Tp> std::allocate_shared(const _Alloc&, _Args&& ...) [with _Tp = MinimalPublisher; _Alloc = std::allocator<MinimalPublisher>; _Args = {}][m[Kâ€™
[3.394s] [01m[K/usr/include/c++/11/bits/shared_ptr.h:878:39:[m[K   required from â€˜[01m[Kstd::shared_ptr<_Tp> std::make_shared(_Args&& ...) [with _Tp = MinimalPublisher; _Args = {}][m[Kâ€™
[3.394s] [01m[K/home/aluno/test_ws/src/lc_start/src/sr_pub.cpp:41:50:[m[K   required from here
[3.395s] [01m[K/usr/include/c++/11/ext/new_allocator.h:162:11:[m[K [01;31m[Kerror: [m[Kuse of deleted function â€˜[01m[KMinimalPublisher::MinimalPublisher()[m[Kâ€™
[3.395s]   162 |         { [01;31m[K::new((void *)__p) _Up(std::forward<_Args>(__args)...)[m[K; }
[3.395s]       |           [01;31m[K^~~~~~~~~~~~~~~~~~~~~~~~~~~~~~~~~~~~~~~~~~~~~~~~~~~~~~[m[K
[3.395s] [01m[K/home/aluno/test_ws/src/lc_start/src/sr_pub.cpp:14:7:[m[K [01;36m[Knote: [m[Kâ€˜[01m[KMinimalPublisher::MinimalPublisher()[m[Kâ€™ is implicitly deleted because the default definition would be ill-formed:
[3.395s]    14 | class [01;36m[KMinimalPublisher[m[K : public rclcpp::Node
[3.395s]       |       [01;36m[K^~~~~~~~~~~~~~~~[m[K
[3.395s] [01m[K/home/aluno/test_ws/src/lc_start/src/sr_pub.cpp:14:7:[m[K [01;31m[Kerror: [m[Kno matching function for call to â€˜[01m[Krclcpp::Node::Node()[m[Kâ€™
[3.395s] In file included from [01m[K/opt/ros/humble/include/rclcpp/rclcpp/executors/single_threaded_executor.hpp:28[m[K,
[3.395s]                  from [01m[K/opt/ros/humble/include/rclcpp/rclcpp/executors.hpp:22[m[K,
[3.395s]                  from [01m[K/opt/ros/humble/include/rclcpp/rclcpp/rclcpp.hpp:155[m[K,
[3.395s]                  from [01m[K/home/aluno/test_ws/src/lc_start/src/sr_pub.cpp:6[m[K:
[3.395s] [01m[K/opt/ros/humble/include/rclcpp/rclcpp/node.hpp:1294:3:[m[K [01;36m[Knote: [m[Kcandidate: â€˜[01m[Krclcpp::Node::Node(const rclcpp::Node&, const string&)[m[Kâ€™
[3.395s]  1294 |   [01;36m[KNode[m[K(
[3.395s]       |   [01;36m[K^~~~[m[K
[3.395s] [01m[K/opt/ros/humble/include/rclcpp/rclcpp/node.hpp:1294:3:[m[K [01;36m[Knote: [m[K  candidate expects 2 arguments, 0 provided
[3.395s] [01m[K/opt/ros/humble/include/rclcpp/rclcpp/node.hpp:101:12:[m[K [01;36m[Knote: [m[Kcandidate: â€˜[01m[Krclcpp::Node::Node(const string&, const string&, const rclcpp::NodeOptions&)[m[Kâ€™
[3.395s]   101 |   explicit [01;36m[KNode[m[K(
[3.396s]       |            [01;36m[K^~~~[m[K
[3.396s] [01m[K/opt/ros/humble/include/rclcpp/rclcpp/node.hpp:101:12:[m[K [01;36m[Knote: [m[K  candidate expects 3 arguments, 0 provided
[3.396s] [01m[K/opt/ros/humble/include/rclcpp/rclcpp/node.hpp:89:12:[m[K [01;36m[Knote: [m[Kcandidate: â€˜[01m[Krclcpp::Node::Node(const string&, const rclcpp::NodeOptions&)[m[Kâ€™
[3.396s]    89 |   explicit [01;36m[KNode[m[K(
[3.396s]       |            [01;36m[K^~~~[m[K
[3.396s] [01m[K/opt/ros/humble/include/rclcpp/rclcpp/node.hpp:89:12:[m[K [01;36m[Knote: [m[K  candidate expects 2 arguments, 0 provided
[3.641s] gmake[2]: *** [CMakeFiles/talker.dir/build.make:76: CMakeFiles/talker.dir/src/sr_pub.cpp.o] Error 1
[3.641s] gmake[1]: *** [CMakeFiles/Makefile2:167: CMakeFiles/talker.dir/all] Error 2
[3.814s] gmake[2]: *** [CMakeFiles/lc_test.dir/build.make:76: CMakeFiles/lc_test.dir/src/lc_test.cpp.o] Error 1
[3.814s] gmake[1]: *** [CMakeFiles/Makefile2:141: CMakeFiles/lc_test.dir/all] Error 2
[3.814s] gmake: *** [Makefile:146: all] Error 2
[3.816s] Invoked command in '/home/aluno/test_ws/build/lc_start' returned '2': CMAKE_PREFIX_PATH=${CMAKE_PREFIX_PATH}:/home/aluno/ws_moveit2/install/moveit_configs_utils:/home/aluno/ws_moveit2/install/launch_param_builder:/opt/ros/humble /usr/bin/cmake --build /home/aluno/test_ws/build/lc_start -- -j8 -l8
