[0.030s] Invoking command in '/home/aluno/test_ws/build/lc_start': CMAKE_PREFIX_PATH=${CMAKE_PREFIX_PATH}:/home/aluno/ws_moveit2/install/moveit_configs_utils:/home/aluno/ws_moveit2/install/launch_param_builder:/opt/ros/humble /usr/bin/cmake --build /home/aluno/test_ws/build/lc_start -- -j8 -l8
[0.058s] -- Found ament_cmake: 1.3.3 (/opt/ros/humble/share/ament_cmake/cmake)
[0.191s] -- Found rclcpp_lifecycle: 16.0.3 (/opt/ros/humble/share/rclcpp_lifecycle/cmake)
[0.220s] -- Found rosidl_generator_c: 3.1.4 (/opt/ros/humble/share/rosidl_generator_c/cmake)
[0.223s] -- Found rosidl_adapter: 3.1.4 (/opt/ros/humble/share/rosidl_adapter/cmake)
[0.228s] -- Found rosidl_generator_cpp: 3.1.4 (/opt/ros/humble/share/rosidl_generator_cpp/cmake)
[0.241s] -- Using all available rosidl_typesupport_c: rosidl_typesupport_fastrtps_c;rosidl_typesupport_introspection_c
[0.259s] -- Using all available rosidl_typesupport_cpp: rosidl_typesupport_fastrtps_cpp;rosidl_typesupport_introspection_cpp
[0.315s] -- Found rmw_implementation_cmake: 6.1.1 (/opt/ros/humble/share/rmw_implementation_cmake/cmake)
[0.318s] -- Found rmw_cyclonedds_cpp: 1.3.4 (/opt/ros/humble/share/rmw_cyclonedds_cpp/cmake)
[0.347s] -- Using RMW implementation 'rmw_cyclonedds_cpp' as default
[0.537s] -- Found ament_lint_auto: 0.12.5 (/opt/ros/humble/share/ament_lint_auto/cmake)
[0.613s] -- Added test 'cppcheck' to perform static code analysis on C / C++ code
[0.613s] -- Configured cppcheck include dirs: 
[0.614s] -- Configured cppcheck exclude dirs and/or files: 
[0.614s] -- Added test 'lint_cmake' to check CMake code style
[0.615s] -- Added test 'uncrustify' to check C / C++ code style
[0.615s] -- Configured uncrustify additional arguments: 
[0.615s] -- Added test 'xmllint' to check XML markup files
[0.616s] -- Configuring done
[0.626s] -- Generating done
[0.628s] -- Build files have been written to: /home/aluno/test_ws/build/lc_start
[0.658s] [35m[1mConsolidate compiler generated dependencies of target talker[0m
[0.658s] [35m[1mConsolidate compiler generated dependencies of target listener[0m
[0.678s] [ 50%] [32mBuilding CXX object CMakeFiles/talker.dir/src/sr_pub.cpp.o[0m
[0.678s] [ 50%] [32mBuilding CXX object CMakeFiles/listener.dir/src/sr_sub.cpp.o[0m
[2.777s] [01m[K/home/aluno/test_ws/src/lc_start/src/sr_pub.cpp:17:5:[m[K [01;31m[Kerror: [m[KISO C++ forbids declaration of â€˜[01m[KPublisher[m[Kâ€™ with no type [[01;31m[K]8;;https://gcc.gnu.org/onlinedocs/gcc/Warning-Options.html#index-fpermissive-fpermissive]8;;[m[K]
[2.777s]    17 |     [01;31m[KPublisher[m[K()
[2.777s]       |     [01;31m[K^~~~~~~~~[m[K
[2.781s] [01m[K/home/aluno/test_ws/src/lc_start/src/sr_pub.cpp:[m[K In member function â€˜[01m[Kint MinimalPublisher::Publisher()[m[Kâ€™:
[2.781s] [01m[K/home/aluno/test_ws/src/lc_start/src/sr_pub.cpp:18:7:[m[K [01;31m[Kerror: [m[Konly constructors take member initializers
[2.781s]    18 |     : [01;31m[KNode[m[K("minimal_publisher")
[2.781s]       |       [01;31m[K^~~~[m[K
[2.791s] [01m[K/home/aluno/test_ws/src/lc_start/src/sr_pub.cpp:23:5:[m[K [01;35m[Kwarning: [m[Kno return statement in function returning non-void [[01;35m[K]8;;https://gcc.gnu.org/onlinedocs/gcc/Warning-Options.html#index-Wreturn-type-Wreturn-type]8;;[m[K]
[2.791s]    23 |     [01;35m[K}[m[K
[2.791s]       |     [01;35m[K^[m[K
[2.810s] [01m[K/home/aluno/test_ws/src/lc_start/src/sr_sub.cpp:[m[K In constructor â€˜[01m[KSubscriber::Subscriber()[m[Kâ€™:
[2.810s] [01m[K/home/aluno/test_ws/src/lc_start/src/sr_sub.cpp:16:37:[m[K [01;31m[Kerror: [m[Kâ€˜[01m[KMinimalSubscriber[m[Kâ€™ has not been declared
[2.810s]    16 |       "serial_read", 10, std::bind(&[01;31m[KMinimalSubscriber[m[K::topic_callback, this, _1));
[2.810s]       |                                     [01;31m[K^~~~~~~~~~~~~~~~~[m[K
[2.818s] [01m[K/home/aluno/test_ws/src/lc_start/src/sr_sub.cpp:[m[K In function â€˜[01m[Kint main(int, char**)[m[Kâ€™:
[2.818s] [01m[K/home/aluno/test_ws/src/lc_start/src/sr_sub.cpp:30:33:[m[K [01;31m[Kerror: [m[Kâ€˜[01m[KMinimalSubscriber[m[Kâ€™ was not declared in this scope
[2.818s]    30 |   rclcpp::spin(std::make_shared<[01;31m[KMinimalSubscriber[m[K>());
[2.818s]       |                                 [01;31m[K^~~~~~~~~~~~~~~~~[m[K
[2.818s] [01m[K/home/aluno/test_ws/src/lc_start/src/sr_sub.cpp:30:51:[m[K [01;31m[Kerror: [m[Kno matching function for call to â€˜[01m[Kmake_shared<<expression error> >()[m[Kâ€™
[2.818s]    30 |   rclcpp::spin([01;31m[Kstd::make_shared<MinimalSubscriber>()[m[K);
[2.818s]       |                [01;31m[K~~~~~~~~~~~~~~~~~~~~~~~~~~~~~~~~~~~^~[m[K
[2.818s] In file included from [01m[K/usr/include/c++/11/memory:77[m[K,
[2.818s]                  from [01m[K/home/aluno/test_ws/src/lc_start/src/sr_sub.cpp:3[m[K:
[2.818s] [01m[K/usr/include/c++/11/bits/shared_ptr.h:875:5:[m[K [01;36m[Knote: [m[Kcandidate: â€˜[01m[Ktemplate<class _Tp, class ... _Args> std::shared_ptr<_Tp> std::make_shared(_Args&& ...)[m[Kâ€™
[2.819s]   875 |     [01;36m[Kmake_shared[m[K(_Args&&... __args)
[2.819s]       |     [01;36m[K^~~~~~~~~~~[m[K
[2.819s] [01m[K/usr/include/c++/11/bits/shared_ptr.h:875:5:[m[K [01;36m[Knote: [m[K  template argument deduction/substitution failed:
[2.819s] [01m[K/home/aluno/test_ws/src/lc_start/src/sr_sub.cpp:30:51:[m[K [01;31m[Kerror: [m[Ktemplate argument 1 is invalid
[2.819s]    30 |   rclcpp::spin([01;31m[Kstd::make_shared<MinimalSubscriber>()[m[K);
[2.819s]       |                [01;31m[K~~~~~~~~~~~~~~~~~~~~~~~~~~~~~~~~~~~^~[m[K
[3.206s] gmake[2]: *** [CMakeFiles/listener.dir/build.make:76: CMakeFiles/listener.dir/src/sr_sub.cpp.o] Error 1
[3.206s] gmake[1]: *** [CMakeFiles/Makefile2:165: CMakeFiles/listener.dir/all] Error 2
[3.206s] gmake[1]: *** Waiting for unfinished jobs....
[3.235s] In file included from [01m[K/usr/include/x86_64-linux-gnu/c++/11/bits/c++allocator.h:33[m[K,
[3.235s]                  from [01m[K/usr/include/c++/11/bits/allocator.h:46[m[K,
[3.235s]                  from [01m[K/usr/include/c++/11/unordered_map:40[m[K,
[3.235s]                  from [01m[K/usr/include/c++/11/functional:61[m[K,
[3.236s]                  from [01m[K/home/aluno/test_ws/src/lc_start/src/sr_pub.cpp:2[m[K:
[3.236s] /usr/include/c++/11/ext/new_allocator.h: In instantiation of â€˜[01m[Kvoid __gnu_cxx::new_allocator<_Tp>::construct(_Up*, _Args&& ...) [with _Up = MinimalPublisher; _Args = {}; _Tp = MinimalPublisher][m[Kâ€™:
[3.236s] [01m[K/usr/include/c++/11/bits/alloc_traits.h:516:17:[m[K   required from â€˜[01m[Kstatic void std::allocator_traits<std::allocator<_Tp1> >::construct(std::allocator_traits<std::allocator<_Tp1> >::allocator_type&, _Up*, _Args&& ...) [with _Up = MinimalPublisher; _Args = {}; _Tp = MinimalPublisher; std::allocator_traits<std::allocator<_Tp1> >::allocator_type = std::allocator<MinimalPublisher>][m[Kâ€™
[3.236s] [01m[K/usr/include/c++/11/bits/shared_ptr_base.h:519:39:[m[K   required from â€˜[01m[Kstd::_Sp_counted_ptr_inplace<_Tp, _Alloc, _Lp>::_Sp_counted_ptr_inplace(_Alloc, _Args&& ...) [with _Args = {}; _Tp = MinimalPublisher; _Alloc = std::allocator<MinimalPublisher>; __gnu_cxx::_Lock_policy _Lp = __gnu_cxx::_S_atomic][m[Kâ€™
[3.236s] [01m[K/usr/include/c++/11/bits/shared_ptr_base.h:650:16:[m[K   required from â€˜[01m[Kstd::__shared_count<_Lp>::__shared_count(_Tp*&, std::_Sp_alloc_shared_tag<_Alloc>, _Args&& ...) [with _Tp = MinimalPublisher; _Alloc = std::allocator<MinimalPublisher>; _Args = {}; __gnu_cxx::_Lock_policy _Lp = __gnu_cxx::_S_atomic][m[Kâ€™
[3.236s] [01m[K/usr/include/c++/11/bits/shared_ptr_base.h:1342:14:[m[K   required from â€˜[01m[Kstd::__shared_ptr<_Tp, _Lp>::__shared_ptr(std::_Sp_alloc_shared_tag<_Tp>, _Args&& ...) [with _Alloc = std::allocator<MinimalPublisher>; _Args = {}; _Tp = MinimalPublisher; __gnu_cxx::_Lock_policy _Lp = __gnu_cxx::_S_atomic][m[Kâ€™
[3.236s] [01m[K/usr/include/c++/11/bits/shared_ptr.h:409:59:[m[K   required from â€˜[01m[Kstd::shared_ptr<_Tp>::shared_ptr(std::_Sp_alloc_shared_tag<_Tp>, _Args&& ...) [with _Alloc = std::allocator<MinimalPublisher>; _Args = {}; _Tp = MinimalPublisher][m[Kâ€™
[3.236s] [01m[K/usr/include/c++/11/bits/shared_ptr.h:862:14:[m[K   required from â€˜[01m[Kstd::shared_ptr<_Tp> std::allocate_shared(const _Alloc&, _Args&& ...) [with _Tp = MinimalPublisher; _Alloc = std::allocator<MinimalPublisher>; _Args = {}][m[Kâ€™
[3.236s] [01m[K/usr/include/c++/11/bits/shared_ptr.h:878:39:[m[K   required from â€˜[01m[Kstd::shared_ptr<_Tp> std::make_shared(_Args&& ...) [with _Tp = MinimalPublisher; _Args = {}][m[Kâ€™
[3.236s] [01m[K/home/aluno/test_ws/src/lc_start/src/sr_pub.cpp:41:50:[m[K   required from here
[3.236s] [01m[K/usr/include/c++/11/ext/new_allocator.h:162:11:[m[K [01;31m[Kerror: [m[Kuse of deleted function â€˜[01m[KMinimalPublisher::MinimalPublisher()[m[Kâ€™
[3.236s]   162 |         { [01;31m[K::new((void *)__p) _Up(std::forward<_Args>(__args)...)[m[K; }
[3.236s]       |           [01;31m[K^~~~~~~~~~~~~~~~~~~~~~~~~~~~~~~~~~~~~~~~~~~~~~~~~~~~~~[m[K
[3.236s] [01m[K/home/aluno/test_ws/src/lc_start/src/sr_pub.cpp:14:7:[m[K [01;36m[Knote: [m[Kâ€˜[01m[KMinimalPublisher::MinimalPublisher()[m[Kâ€™ is implicitly deleted because the default definition would be ill-formed:
[3.236s]    14 | class [01;36m[KMinimalPublisher[m[K : public rclcpp::Node
[3.236s]       |       [01;36m[K^~~~~~~~~~~~~~~~[m[K
[3.236s] [01m[K/home/aluno/test_ws/src/lc_start/src/sr_pub.cpp:14:7:[m[K [01;31m[Kerror: [m[Kno matching function for call to â€˜[01m[Krclcpp::Node::Node()[m[Kâ€™
[3.237s] In file included from [01m[K/opt/ros/humble/include/rclcpp/rclcpp/executors/single_threaded_executor.hpp:28[m[K,
[3.237s]                  from [01m[K/opt/ros/humble/include/rclcpp/rclcpp/executors.hpp:22[m[K,
[3.237s]                  from [01m[K/opt/ros/humble/include/rclcpp/rclcpp/rclcpp.hpp:155[m[K,
[3.237s]                  from [01m[K/home/aluno/test_ws/src/lc_start/src/sr_pub.cpp:6[m[K:
[3.237s] [01m[K/opt/ros/humble/include/rclcpp/rclcpp/node.hpp:1294:3:[m[K [01;36m[Knote: [m[Kcandidate: â€˜[01m[Krclcpp::Node::Node(const rclcpp::Node&, const string&)[m[Kâ€™
[3.237s]  1294 |   [01;36m[KNode[m[K(
[3.237s]       |   [01;36m[K^~~~[m[K
[3.237s] [01m[K/opt/ros/humble/include/rclcpp/rclcpp/node.hpp:1294:3:[m[K [01;36m[Knote: [m[K  candidate expects 2 arguments, 0 provided
[3.237s] [01m[K/opt/ros/humble/include/rclcpp/rclcpp/node.hpp:101:12:[m[K [01;36m[Knote: [m[Kcandidate: â€˜[01m[Krclcpp::Node::Node(const string&, const string&, const rclcpp::NodeOptions&)[m[Kâ€™
[3.237s]   101 |   explicit [01;36m[KNode[m[K(
[3.237s]       |            [01;36m[K^~~~[m[K
[3.237s] [01m[K/opt/ros/humble/include/rclcpp/rclcpp/node.hpp:101:12:[m[K [01;36m[Knote: [m[K  candidate expects 3 arguments, 0 provided
[3.237s] [01m[K/opt/ros/humble/include/rclcpp/rclcpp/node.hpp:89:12:[m[K [01;36m[Knote: [m[Kcandidate: â€˜[01m[Krclcpp::Node::Node(const string&, const rclcpp::NodeOptions&)[m[Kâ€™
[3.237s]    89 |   explicit [01;36m[KNode[m[K(
[3.237s]       |            [01;36m[K^~~~[m[K
[3.237s] [01m[K/opt/ros/humble/include/rclcpp/rclcpp/node.hpp:89:12:[m[K [01;36m[Knote: [m[K  candidate expects 2 arguments, 0 provided
[3.469s] gmake[2]: *** [CMakeFiles/talker.dir/build.make:76: CMakeFiles/talker.dir/src/sr_pub.cpp.o] Error 1
[3.469s] gmake[1]: *** [CMakeFiles/Makefile2:139: CMakeFiles/talker.dir/all] Error 2
[3.469s] gmake: *** [Makefile:146: all] Error 2
[3.471s] Invoked command in '/home/aluno/test_ws/build/lc_start' returned '2': CMAKE_PREFIX_PATH=${CMAKE_PREFIX_PATH}:/home/aluno/ws_moveit2/install/moveit_configs_utils:/home/aluno/ws_moveit2/install/launch_param_builder:/opt/ros/humble /usr/bin/cmake --build /home/aluno/test_ws/build/lc_start -- -j8 -l8
