[ 50%] [32mBuilding CXX object CMakeFiles/listener.dir/src/sr_sub.cpp.o[0m
[01m[K/home/aluno/test_ws/src/lc_start/src/sr_sub.cpp:[m[K In lambda function:
[01m[K/home/aluno/test_ws/src/lc_start/src/sr_sub.cpp:34:25:[m[K [01;31m[Kerror: [m[Kâ€˜[01m[Kconst class std::shared_ptr<rclcpp::SerializedMessage>[m[Kâ€™ has no member named â€˜[01m[Kdata[m[Kâ€™
   34 |         printf("%s",msg.[01;31m[Kdata[m[K);
      |                         [01;31m[K^~~~[m[K
gmake[2]: *** [CMakeFiles/listener.dir/build.make:76: CMakeFiles/listener.dir/src/sr_sub.cpp.o] Error 1
gmake[1]: *** [CMakeFiles/Makefile2:137: CMakeFiles/listener.dir/all] Error 2
gmake: *** [Makefile:146: all] Error 2
