[0.033s] Invoking command in '/home/aluno/test_ws/build/lc_start': CMAKE_PREFIX_PATH=${CMAKE_PREFIX_PATH}:/home/aluno/ws_moveit2/install/moveit_configs_utils:/home/aluno/ws_moveit2/install/launch_param_builder:/opt/ros/humble /usr/bin/cmake --build /home/aluno/test_ws/build/lc_start -- -j8 -l8
[0.106s] [ 50%] [32mBuilding CXX object CMakeFiles/listener.dir/src/sr_sub.cpp.o[0m
[2.294s] [01m[K/home/aluno/test_ws/src/lc_start/src/sr_sub.cpp:[m[K In lambda function:
[2.294s] [01m[K/home/aluno/test_ws/src/lc_start/src/sr_sub.cpp:34:25:[m[K [01;31m[Kerror: [m[Kâ€˜[01m[Kconst class std::shared_ptr<rclcpp::SerializedMessage>[m[Kâ€™ has no member named â€˜[01m[Kdata[m[Kâ€™
[2.294s]    34 |         printf("%s",msg.[01;31m[Kdata[m[K);
[2.294s]       |                         [01;31m[K^~~~[m[K
[4.520s] gmake[2]: *** [CMakeFiles/listener.dir/build.make:76: CMakeFiles/listener.dir/src/sr_sub.cpp.o] Error 1
[4.520s] gmake[1]: *** [CMakeFiles/Makefile2:137: CMakeFiles/listener.dir/all] Error 2
[4.520s] gmake: *** [Makefile:146: all] Error 2
[4.522s] Invoked command in '/home/aluno/test_ws/build/lc_start' returned '2': CMAKE_PREFIX_PATH=${CMAKE_PREFIX_PATH}:/home/aluno/ws_moveit2/install/moveit_configs_utils:/home/aluno/ws_moveit2/install/launch_param_builder:/opt/ros/humble /usr/bin/cmake --build /home/aluno/test_ws/build/lc_start -- -j8 -l8
