[01m[K/home/aluno/test_ws/src/lc_start/src/sr_pub.cpp:28:10:[m[K [01;31m[Kfatal error: [m[Kdemo_nodes_cpp/visibility_control.h: No such file or directory
   28 | #include [01;31m[K"demo_nodes_cpp/visibility_control.h"[m[K
      |          [01;31m[K^~~~~~~~~~~~~~~~~~~~~~~~~~~~~~~~~~~~~[m[K
compilation terminated.
gmake[2]: *** [CMakeFiles/talker.dir/build.make:76: CMakeFiles/talker.dir/src/sr_pub.cpp.o] Error 1
gmake[1]: *** [CMakeFiles/Makefile2:139: CMakeFiles/talker.dir/all] Error 2
gmake: *** [Makefile:146: all] Error 2
