[0.031s] Invoking command in '/home/aluno/test_ws/build/lc_start': CMAKE_PREFIX_PATH=${CMAKE_PREFIX_PATH}:/home/aluno/ws_moveit2/install/moveit_configs_utils:/home/aluno/ws_moveit2/install/launch_param_builder:/opt/ros/humble /usr/bin/cmake --build /home/aluno/test_ws/build/lc_start -- -j8 -l8
[0.123s] -- Found ament_cmake: 1.3.3 (/opt/ros/humble/share/ament_cmake/cmake)
[0.565s] -- Found rclcpp_lifecycle: 16.0.3 (/opt/ros/humble/share/rclcpp_lifecycle/cmake)
[0.989s] -- Found rosidl_generator_c: 3.1.4 (/opt/ros/humble/share/rosidl_generator_c/cmake)
[1.010s] -- Found rosidl_adapter: 3.1.4 (/opt/ros/humble/share/rosidl_adapter/cmake)
[1.056s] -- Found rosidl_generator_cpp: 3.1.4 (/opt/ros/humble/share/rosidl_generator_cpp/cmake)
[1.102s] -- Using all available rosidl_typesupport_c: rosidl_typesupport_fastrtps_c;rosidl_typesupport_introspection_c
[1.141s] -- Using all available rosidl_typesupport_cpp: rosidl_typesupport_fastrtps_cpp;rosidl_typesupport_introspection_cpp
[1.306s] -- Found rmw_implementation_cmake: 6.1.1 (/opt/ros/humble/share/rmw_implementation_cmake/cmake)
[1.328s] -- Found rmw_cyclonedds_cpp: 1.3.4 (/opt/ros/humble/share/rmw_cyclonedds_cpp/cmake)
[1.528s] -- Using RMW implementation 'rmw_cyclonedds_cpp' as default
[2.054s] -- Found rclcpp_components: 16.0.4 (/opt/ros/humble/share/rclcpp_components/cmake)
[2.298s] -- Found ament_lint_auto: 0.12.5 (/opt/ros/humble/share/ament_lint_auto/cmake)
[2.465s] -- Added test 'cppcheck' to perform static code analysis on C / C++ code
[2.466s] -- Configured cppcheck include dirs: 
[2.466s] -- Configured cppcheck exclude dirs and/or files: 
[2.466s] -- Added test 'lint_cmake' to check CMake code style
[2.467s] -- Added test 'uncrustify' to check C / C++ code style
[2.467s] -- Configured uncrustify additional arguments: 
[2.468s] -- Added test 'xmllint' to check XML markup files
[2.468s] -- Configuring done
[2.581s] -- Generating done
[2.583s] -- Build files have been written to: /home/aluno/test_ws/build/lc_start
[2.633s] [35m[1mConsolidate compiler generated dependencies of target talker[0m
[2.637s] [35m[1mConsolidate compiler generated dependencies of target listener[0m
[2.656s] [ 25%] [32mBuilding CXX object CMakeFiles/talker.dir/src/sr_pub.cpp.o[0m
[2.659s] [ 75%] Built target listener
[2.945s] [01m[K/home/aluno/test_ws/src/lc_start/src/sr_pub.cpp:28:10:[m[K [01;31m[Kfatal error: [m[Kdemo_nodes_cpp/visibility_control.h: No such file or directory
[2.945s]    28 | #include [01;31m[K"demo_nodes_cpp/visibility_control.h"[m[K
[2.945s]       |          [01;31m[K^~~~~~~~~~~~~~~~~~~~~~~~~~~~~~~~~~~~~[m[K
[2.946s] compilation terminated.
[2.947s] gmake[2]: *** [CMakeFiles/talker.dir/build.make:76: CMakeFiles/talker.dir/src/sr_pub.cpp.o] Error 1
[2.948s] gmake[1]: *** [CMakeFiles/Makefile2:139: CMakeFiles/talker.dir/all] Error 2
[2.948s] gmake: *** [Makefile:146: all] Error 2
[2.950s] Invoked command in '/home/aluno/test_ws/build/lc_start' returned '2': CMAKE_PREFIX_PATH=${CMAKE_PREFIX_PATH}:/home/aluno/ws_moveit2/install/moveit_configs_utils:/home/aluno/ws_moveit2/install/launch_param_builder:/opt/ros/humble /usr/bin/cmake --build /home/aluno/test_ws/build/lc_start -- -j8 -l8
