[35m[1mConsolidate compiler generated dependencies of target listener[0m
[ 50%] [32mBuilding CXX object CMakeFiles/listener.dir/src/sr_sub.cpp.o[0m
[01m[K/home/aluno/test_ws/src/lc_start/src/sr_sub.cpp:[m[K In lambda function:
[01m[K/home/aluno/test_ws/src/lc_start/src/sr_sub.cpp:41:52:[m[K [01;31m[Kerror: [m[Kâ€˜[01m[Kstring_msg[m[Kâ€™ was not declared in this scope; did you mean â€˜[01m[Kint_msg[m[Kâ€™?
   41 |         serializer.deserialize_message(msg.get(), &[01;31m[Kstring_msg[m[K);
      |                                                    [01;31m[K^~~~~~~~~~[m[K
      |                                                    [32m[Kint_msg[m[K
gmake[2]: *** [CMakeFiles/listener.dir/build.make:76: CMakeFiles/listener.dir/src/sr_sub.cpp.o] Error 1
gmake[1]: *** [CMakeFiles/Makefile2:137: CMakeFiles/listener.dir/all] Error 2
gmake: *** [Makefile:146: all] Error 2
