[0.031s] Invoking command in '/home/aluno/test_ws/build/lc_start': CMAKE_PREFIX_PATH=${CMAKE_PREFIX_PATH}:/home/aluno/ws_moveit2/install/moveit_configs_utils:/home/aluno/ws_moveit2/install/launch_param_builder:/opt/ros/humble /usr/bin/cmake --build /home/aluno/test_ws/build/lc_start -- -j8 -l8
[0.088s] [35m[1mConsolidate compiler generated dependencies of target listener[0m
[0.111s] [ 50%] [32mBuilding CXX object CMakeFiles/listener.dir/src/sr_sub.cpp.o[0m
[2.274s] [01m[K/home/aluno/test_ws/src/lc_start/src/sr_sub.cpp:[m[K In lambda function:
[2.274s] [01m[K/home/aluno/test_ws/src/lc_start/src/sr_sub.cpp:41:52:[m[K [01;31m[Kerror: [m[Kâ€˜[01m[Kstring_msg[m[Kâ€™ was not declared in this scope; did you mean â€˜[01m[Kint_msg[m[Kâ€™?
[2.274s]    41 |         serializer.deserialize_message(msg.get(), &[01;31m[Kstring_msg[m[K);
[2.274s]       |                                                    [01;31m[K^~~~~~~~~~[m[K
[2.274s]       |                                                    [32m[Kint_msg[m[K
[4.499s] gmake[2]: *** [CMakeFiles/listener.dir/build.make:76: CMakeFiles/listener.dir/src/sr_sub.cpp.o] Error 1
[4.499s] gmake[1]: *** [CMakeFiles/Makefile2:137: CMakeFiles/listener.dir/all] Error 2
[4.499s] gmake: *** [Makefile:146: all] Error 2
[4.501s] Invoked command in '/home/aluno/test_ws/build/lc_start' returned '2': CMAKE_PREFIX_PATH=${CMAKE_PREFIX_PATH}:/home/aluno/ws_moveit2/install/moveit_configs_utils:/home/aluno/ws_moveit2/install/launch_param_builder:/opt/ros/humble /usr/bin/cmake --build /home/aluno/test_ws/build/lc_start -- -j8 -l8
