[0.031s] Invoking command in '/home/aluno/test_ws/build/lc_start': CMAKE_PREFIX_PATH=${CMAKE_PREFIX_PATH}:/home/aluno/ws_moveit2/install/moveit_configs_utils:/home/aluno/ws_moveit2/install/launch_param_builder:/opt/ros/humble /usr/bin/cmake --build /home/aluno/test_ws/build/lc_start -- -j8 -l8
[0.089s] [35m[1mConsolidate compiler generated dependencies of target listener[0m
[0.113s] [ 50%] [32mBuilding CXX object CMakeFiles/listener.dir/src/sr_sub.cpp.o[0m
[2.309s] [01m[K/home/aluno/test_ws/src/lc_start/src/sr_sub.cpp:[m[K In lambda function:
[2.309s] [01m[K/home/aluno/test_ws/src/lc_start/src/sr_sub.cpp:34:22:[m[K [01;31m[Kerror: [m[Kexpected identifier before â€˜[01m[Kchar[m[Kâ€™
[2.309s]    34 |         printf("%s",[[01;31m[Kchar[m[K*]msg->data);
[2.309s]       |                      [01;31m[K^~~~[m[K
[2.309s] [01m[K/home/aluno/test_ws/src/lc_start/src/sr_sub.cpp:[m[K In lambda function:
[2.309s] [01m[K/home/aluno/test_ws/src/lc_start/src/sr_sub.cpp:34:28:[m[K [01;31m[Kerror: [m[Kexpected â€˜[01m[K{[m[Kâ€™ before â€˜[01m[Kmsg[m[Kâ€™
[2.309s]    34 |         printf("%s",[char*][01;31m[Kmsg[m[K->data);
[2.310s]       |                            [01;31m[K^~~[m[K
[2.310s] [01m[K/home/aluno/test_ws/src/lc_start/src/sr_sub.cpp:[m[K In lambda function:
[2.310s] [01m[K/home/aluno/test_ws/src/lc_start/src/sr_sub.cpp:34:28:[m[K [01;31m[Kerror: [m[Kexpected â€˜[01m[K)[m[Kâ€™ before â€˜[01m[Kmsg[m[Kâ€™
[2.310s] [01m[K/home/aluno/test_ws/src/lc_start/src/sr_sub.cpp:34:15:[m[K [01;36m[Knote: [m[Kto match this â€˜[01m[K([m[Kâ€™
[2.310s]    34 |         printf[01;36m[K([m[K"%s",[char*]msg->data);
[2.310s]       |               [01;36m[K^[m[K
[2.310s] [01m[K/home/aluno/test_ws/src/lc_start/src/sr_sub.cpp:34:18:[m[K [01;35m[Kwarning: [m[Kformat â€˜[01m[K%s[m[Kâ€™ expects argument of type â€˜[01m[Kchar*[m[Kâ€™, but argument 2 has type â€˜[01m[KSubscriber::Subscriber()::<lambda(std_msgs::msg::UInt8MultiArray_<std::allocator<void> >::SharedPtr)>::<lambda()>[m[Kâ€™ [[01;35m[K]8;;https://gcc.gnu.org/onlinedocs/gcc/Warning-Options.html#index-Wformat=-Wformat=]8;;[m[K]
[2.310s]    34 |         printf("[01;35m[K%s[m[K",[char*]msg->data);
[2.310s]       |                 [01;35m[K~^[m[K
[2.310s]       |                  [01;35m[K|[m[K
[2.310s]       |                  [01;35m[Kchar*[m[K
[2.310s] [01m[K/home/aluno/test_ws/src/lc_start/src/sr_sub.cpp:24:58:[m[K [01;35m[Kwarning: [m[Kunused parameter â€˜[01m[Kmsg[m[Kâ€™ [[01;35m[K]8;;https://gcc.gnu.org/onlinedocs/gcc/Warning-Options.html#index-Wunused-parameter-Wunused-parameter]8;;[m[K]
[2.310s]    24 |       []([01;35m[Kconst std_msgs::msg::UInt8MultiArray::SharedPtr msg[m[K) -> void
[2.310s]       |          [01;35m[K~~~~~~~~~~~~~~~~~~~~~~~~~~~~~~~~~~~~~~~~~~~~~~~~^~~[m[K
[4.639s] gmake[2]: *** [CMakeFiles/listener.dir/build.make:76: CMakeFiles/listener.dir/src/sr_sub.cpp.o] Error 1
[4.639s] gmake[1]: *** [CMakeFiles/Makefile2:137: CMakeFiles/listener.dir/all] Error 2
[4.639s] gmake: *** [Makefile:146: all] Error 2
[4.641s] Invoked command in '/home/aluno/test_ws/build/lc_start' returned '2': CMAKE_PREFIX_PATH=${CMAKE_PREFIX_PATH}:/home/aluno/ws_moveit2/install/moveit_configs_utils:/home/aluno/ws_moveit2/install/launch_param_builder:/opt/ros/humble /usr/bin/cmake --build /home/aluno/test_ws/build/lc_start -- -j8 -l8
