[01m[K/home/aluno/test_ws/src/lc_start/src/sr_pub.cpp:36:9:[m[K [01;31m[Kerror: [m[Kexpected â€˜[01m[K:[m[Kâ€™ before â€˜[01m[KSerializedMessageTalker[m[Kâ€™
   36 |   public[01;31m[K [m[K[32m[KSerializedMessageTalker[m[K(const rclcpp::NodeOptions & options)
      |         [01;31m[K^[m[K[32m[K~~~~~~~~~~~~~~~~~~~~~~~[m[K
      |         [32m[K:[m[K
gmake[2]: *** [CMakeFiles/talker.dir/build.make:76: CMakeFiles/talker.dir/src/sr_pub.cpp.o] Error 1
gmake[1]: *** [CMakeFiles/Makefile2:139: CMakeFiles/talker.dir/all] Error 2
gmake: *** [Makefile:146: all] Error 2
