[0.000000] (-) TimerEvent: {}
[0.000349] (-) JobUnselected: {'identifier': 'lc_start'}
[0.001749] (-) JobUnselected: {'identifier': 'lc_test'}
[0.001874] (-) JobUnselected: {'identifier': 'turtlesim'}
[0.001934] (pyconvo) JobQueued: {'identifier': 'pyconvo', 'dependencies': OrderedDict()}
[0.001979] (pyconvo) JobStarted: {'identifier': 'pyconvo'}
[0.099408] (-) TimerEvent: {}
[0.199737] (-) TimerEvent: {}
[0.300057] (-) TimerEvent: {}
[0.400387] (-) TimerEvent: {}
[0.500647] (-) TimerEvent: {}
[0.600936] (-) TimerEvent: {}
[0.652039] (pyconvo) StderrLine: {'line': b'Traceback (most recent call last):\n  File "/home/aluno/.local/lib/python3.10/site-packages/colcon_parallel_executor/executor/parallel.py", line 67, in execute\n    loop.run_until_complete(future)\n  File "/usr/lib/python3.10/asyncio/base_events.py", line 633, in run_until_complete\n    self.run_forever()\n  File "/usr/lib/python3.10/asyncio/base_events.py", line 600, in run_forever\n    self._run_once()\n  File "/usr/lib/python3.10/asyncio/base_events.py", line 1860, in _run_once\n    event_list = self._selector.select(timeout)\n  File "/usr/lib/python3.10/selectors.py", line 469, in select\n    fd_event_list = self._selector.poll(timeout, max_ev)\nKeyboardInterrupt\n\nDuring handling of the above exception, another exception occurred:\n\nTraceback (most recent call last):\n  File "/home/aluno/.local/lib/python3.10/site-packages/colcon_core/executor/__init__.py", line 91, in __call__\n    rc = await self.task(*args, **kwargs)\n  File "/home/aluno/.local/lib/python3.10/site-packages/colcon_core/task/__init__.py", line 93, in __call__\n    return await task_method(*args, **kwargs)\n  File "/home/aluno/.local/lib/python3.10/site-packages/colcon_ros/task/ament_python/build.py", line 105, in build\n    return await extension.build(additional_hooks=additional_hooks)\n  File "/home/aluno/.local/lib/python3.10/site-packages/colcon_core/task/python/build.py", line 81, in build\n    available_commands = await self._get_available_commands(\n  File "/home/aluno/.local/lib/python3.10/site-packages/colcon_core/task/python/build.py", line 171, in _get_available_commands\n    output = await check_output(\n  File "/home/aluno/.local/lib/python3.10/site-packages/colcon_core/subprocess.py", line 128, in check_output\n    assert not rc, f\'Expected {args} to pass: {stderr_data}\'\nAssertionError: Expected [\'/usr/bin/python3\', \'setup.py\', \'--help-commands\'] to pass: Traceback (most recent call last):\n  File "/home/aluno/test_ws/src/pyconvo/setup.py", line 1, in <module>\n    from setuptools import setup\n  File "/usr/lib/python3/dist-packages/setuptools/__init__.py", line 16, in <module>\n    import setuptools.version\n  File "/usr/lib/python3/dist-packages/setuptools/version.py", line 1, in <module>\n    import pkg_resources\n  File "/usr/lib/python3/dist-packages/pkg_resources/__init__.py", line 3267, in <module>\n    def _initialize_master_working_set():\n  File "/usr/lib/python3/dist-packages/pkg_resources/__init__.py", line 3241, in _call_aside\n    f(*args, **kwargs)\n  File "/usr/lib/python3/dist-packages/pkg_resources/__init__.py", line 3292, in _initialize_master_working_set\n    tuple(\n  File "/usr/lib/python3/dist-packages/pkg_resources/__init__.py", line 3293, in <genexpr>\n    dist.activate(replace=False)\n  File "/usr/lib/python3/dist-packages/pkg_resources/__init__.py", line 2798, in activate\n    declare_namespace(pkg)\n  File "/usr/lib/python3/dist-packages/pkg_resources/__init__.py", line 2296, in declare_namespace\n    _handle_ns(packageName, path_item)\n  File "/usr/lib/python3/dist-packages/pkg_resources/__init__.py", line 2208, in _handle_ns\n    loader = importer.find_spec(packageName).loader\n  File "<frozen importlib._bootstrap_external>", line 1563, in find_spec\n  File "<frozen importlib._bootstrap_external>", line 161, in _path_isfile\n  File "<frozen importlib._bootstrap_external>", line 153, in _path_is_mode_type\n  File "<frozen importlib._bootstrap_external>", line 140, in _path_stat\nKeyboardInterrupt\n\n'}
[0.652531] (pyconvo) JobEnded: {'identifier': 'pyconvo', 'rc': 'SIGINT'}
[0.662469] (-) EventReactorShutdown: {}
