[35m[1mConsolidate compiler generated dependencies of target listener[0m
[ 50%] [32mBuilding CXX object CMakeFiles/listener.dir/src/sr_sub.cpp.o[0m
[01m[K/home/aluno/test_ws/src/lc_start/src/sr_sub.cpp:[m[K In lambda function:
[01m[K/home/aluno/test_ws/src/lc_start/src/sr_sub.cpp:34:31:[m[K [01;31m[Kerror: [m[Kâ€˜[01m[Kusing _data_type = class std::vector<unsigned char, std::allocator<unsigned char> >[m[Kâ€™ {aka â€˜[01m[Kclass std::vector<unsigned char, std::allocator<unsigned char> >[m[Kâ€™} has no member named â€˜[01m[Kc_str[m[Kâ€™
   34 |         printf("%s",msg->data.[01;31m[Kc_str[m[K());
      |                               [01;31m[K^~~~~[m[K
[01m[K/home/aluno/test_ws/src/lc_start/src/sr_sub.cpp:43:47:[m[K [01;31m[Kerror: [m[Kcannot convert â€˜[01m[Kstd::__shared_ptr<std_msgs::msg::UInt8MultiArray_<std::allocator<void> >, __gnu_cxx::_S_atomic>::element_type*[m[Kâ€™ {aka â€˜[01m[Kstd_msgs::msg::UInt8MultiArray_<std::allocator<void> >*[m[Kâ€™} to â€˜[01m[Kconst rclcpp::SerializedMessage*[m[Kâ€™
   43 |         serializer.deserialize_message([01;31m[Kmsg.get()[m[K, &string_msg);
      |                                        [01;31m[K~~~~~~~^~[m[K
      |                                               [01;31m[K|[m[K
      |                                               [01;31m[Kstd::__shared_ptr<std_msgs::msg::UInt8MultiArray_<std::allocator<void> >, __gnu_cxx::_S_atomic>::element_type* {aka std_msgs::msg::UInt8MultiArray_<std::allocator<void> >*}[m[K
In file included from [01m[K/home/aluno/test_ws/src/lc_start/src/sr_sub.cpp:8[m[K:
[01m[K/opt/ros/humble/include/rclcpp/rclcpp/serialization.hpp:75:31:[m[K [01;36m[Knote: [m[K  initializing argument 1 of â€˜[01m[Kvoid rclcpp::SerializationBase::deserialize_message(const rclcpp::SerializedMessage*, void*) const[m[Kâ€™
   75 |     [01;36m[Kconst SerializedMessage * serialized_message[m[K, void * ros_message) const;
      |     [01;36m[K~~~~~~~~~~~~~~~~~~~~~~~~~~^~~~~~~~~~~~~~~~~~[m[K
gmake[2]: *** [CMakeFiles/listener.dir/build.make:76: CMakeFiles/listener.dir/src/sr_sub.cpp.o] Error 1
gmake[1]: *** [CMakeFiles/Makefile2:137: CMakeFiles/listener.dir/all] Error 2
gmake: *** [Makefile:146: all] Error 2
