[0.031s] Invoking command in '/home/aluno/test_ws/build/lc_start': CMAKE_PREFIX_PATH=${CMAKE_PREFIX_PATH}:/home/aluno/ws_moveit2/install/moveit_configs_utils:/home/aluno/ws_moveit2/install/launch_param_builder:/opt/ros/humble /usr/bin/cmake --build /home/aluno/test_ws/build/lc_start -- -j8 -l8
[0.082s] [35m[1mConsolidate compiler generated dependencies of target listener[0m
[0.082s] [35m[1mConsolidate compiler generated dependencies of target talker[0m
[0.103s] [ 50%] [32mBuilding CXX object CMakeFiles/listener.dir/src/sr_sub.cpp.o[0m
[0.103s] [ 50%] [32mBuilding CXX object CMakeFiles/talker.dir/src/sr_pub.cpp.o[0m
[2.209s] [01m[K/home/aluno/test_ws/src/lc_start/src/sr_pub.cpp:[m[K In constructor â€˜[01m[KPublisher::Publisher()[m[Kâ€™:
[2.210s] [01m[K/home/aluno/test_ws/src/lc_start/src/sr_pub.cpp:22:25:[m[K [01;31m[Kerror: [m[Kâ€˜[01m[KMinimalPublisher[m[Kâ€™ has not been declared
[2.210s]    22 |       500ms, std::bind(&[01;31m[KMinimalPublisher[m[K::timer_callback, this));
[2.210s]       |                         [01;31m[K^~~~~~~~~~~~~~~~[m[K
[2.240s] [01m[K/home/aluno/test_ws/src/lc_start/src/sr_sub.cpp:[m[K In constructor â€˜[01m[KSubscriber::Subscriber()[m[Kâ€™:
[2.240s] [01m[K/home/aluno/test_ws/src/lc_start/src/sr_sub.cpp:16:37:[m[K [01;31m[Kerror: [m[Kâ€˜[01m[KMinimalSubscriber[m[Kâ€™ has not been declared
[2.241s]    16 |       "serial_read", 10, std::bind(&[01;31m[KMinimalSubscriber[m[K::topic_callback, this, _1));
[2.241s]       |                                     [01;31m[K^~~~~~~~~~~~~~~~~[m[K
[2.248s] [01m[K/home/aluno/test_ws/src/lc_start/src/sr_sub.cpp:[m[K In function â€˜[01m[Kint main(int, char**)[m[Kâ€™:
[2.249s] [01m[K/home/aluno/test_ws/src/lc_start/src/sr_sub.cpp:30:33:[m[K [01;31m[Kerror: [m[Kâ€˜[01m[KMinimalSubscriber[m[Kâ€™ was not declared in this scope
[2.249s]    30 |   rclcpp::spin(std::make_shared<[01;31m[KMinimalSubscriber[m[K>());
[2.249s]       |                                 [01;31m[K^~~~~~~~~~~~~~~~~[m[K
[2.249s] [01m[K/home/aluno/test_ws/src/lc_start/src/sr_sub.cpp:30:51:[m[K [01;31m[Kerror: [m[Kno matching function for call to â€˜[01m[Kmake_shared<<expression error> >()[m[Kâ€™
[2.249s]    30 |   rclcpp::spin([01;31m[Kstd::make_shared<MinimalSubscriber>()[m[K);
[2.249s]       |                [01;31m[K~~~~~~~~~~~~~~~~~~~~~~~~~~~~~~~~~~~^~[m[K
[2.249s] In file included from [01m[K/usr/include/c++/11/memory:77[m[K,
[2.249s]                  from [01m[K/home/aluno/test_ws/src/lc_start/src/sr_sub.cpp:3[m[K:
[2.249s] [01m[K/usr/include/c++/11/bits/shared_ptr.h:875:5:[m[K [01;36m[Knote: [m[Kcandidate: â€˜[01m[Ktemplate<class _Tp, class ... _Args> std::shared_ptr<_Tp> std::make_shared(_Args&& ...)[m[Kâ€™
[2.249s]   875 |     [01;36m[Kmake_shared[m[K(_Args&&... __args)
[2.249s]       |     [01;36m[K^~~~~~~~~~~[m[K
[2.249s] [01m[K/usr/include/c++/11/bits/shared_ptr.h:875:5:[m[K [01;36m[Knote: [m[K  template argument deduction/substitution failed:
[2.249s] [01m[K/home/aluno/test_ws/src/lc_start/src/sr_sub.cpp:30:51:[m[K [01;31m[Kerror: [m[Ktemplate argument 1 is invalid
[2.249s]    30 |   rclcpp::spin([01;31m[Kstd::make_shared<MinimalSubscriber>()[m[K);
[2.249s]       |                [01;31m[K~~~~~~~~~~~~~~~~~~~~~~~~~~~~~~~~~~~^~[m[K
[2.639s] gmake[2]: *** [CMakeFiles/listener.dir/build.make:76: CMakeFiles/listener.dir/src/sr_sub.cpp.o] Error 1
[2.639s] gmake[1]: *** [CMakeFiles/Makefile2:165: CMakeFiles/listener.dir/all] Error 2
[2.639s] gmake[1]: *** Waiting for unfinished jobs....
[2.903s] gmake[2]: *** [CMakeFiles/talker.dir/build.make:76: CMakeFiles/talker.dir/src/sr_pub.cpp.o] Error 1
[2.903s] gmake[1]: *** [CMakeFiles/Makefile2:139: CMakeFiles/talker.dir/all] Error 2
[2.903s] gmake: *** [Makefile:146: all] Error 2
[2.905s] Invoked command in '/home/aluno/test_ws/build/lc_start' returned '2': CMAKE_PREFIX_PATH=${CMAKE_PREFIX_PATH}:/home/aluno/ws_moveit2/install/moveit_configs_utils:/home/aluno/ws_moveit2/install/launch_param_builder:/opt/ros/humble /usr/bin/cmake --build /home/aluno/test_ws/build/lc_start -- -j8 -l8
