[0.034s] Invoking command in '/home/aluno/test_ws/build/lc_start': CMAKE_PREFIX_PATH=${CMAKE_PREFIX_PATH}:/home/aluno/ws_moveit2/install/moveit_configs_utils:/home/aluno/ws_moveit2/install/launch_param_builder:/opt/ros/humble /usr/bin/cmake --build /home/aluno/test_ws/build/lc_start -- -j8 -l8
[0.090s] [35m[1mConsolidate compiler generated dependencies of target listener[0m
[0.115s] [ 50%] [32mBuilding CXX object CMakeFiles/listener.dir/src/sr_sub.cpp.o[0m
[2.284s] [01m[K/home/aluno/test_ws/src/lc_start/src/sr_sub.cpp:[m[K In lambda function:
[2.284s] [01m[K/home/aluno/test_ws/src/lc_start/src/sr_sub.cpp:34:26:[m[K [01;31m[Kerror: [m[Kâ€˜[01m[Kusing element_type = class rclcpp::SerializedMessage[m[Kâ€™ {aka â€˜[01m[Kclass rclcpp::SerializedMessage[m[Kâ€™} has no member named â€˜[01m[Kdata[m[Kâ€™
[2.284s]    34 |         printf("%s",msg->[01;31m[Kdata[m[K.c_str());
[2.284s]       |                          [01;31m[K^~~~[m[K
[4.549s] gmake[2]: *** [CMakeFiles/listener.dir/build.make:76: CMakeFiles/listener.dir/src/sr_sub.cpp.o] Error 1
[4.549s] gmake[1]: *** [CMakeFiles/Makefile2:137: CMakeFiles/listener.dir/all] Error 2
[4.549s] gmake: *** [Makefile:146: all] Error 2
[4.551s] Invoked command in '/home/aluno/test_ws/build/lc_start' returned '2': CMAKE_PREFIX_PATH=${CMAKE_PREFIX_PATH}:/home/aluno/ws_moveit2/install/moveit_configs_utils:/home/aluno/ws_moveit2/install/launch_param_builder:/opt/ros/humble /usr/bin/cmake --build /home/aluno/test_ws/build/lc_start -- -j8 -l8
